2026-04-18 00:43:06,327 | INFO | [SYSTEM] Scheduler diperbarui.
2026-04-18 00:44:58,372 | INFO | [SYSTEM] CSV loaded: 8 produk dari products.csv
2026-04-18 00:45:22,658 | INFO | [SYSTEM] Bot dimulai. Total 8 produk.
2026-04-18 00:45:22,760 | INFO | [SYSTEM] [1/8] Memproses: PS5 Digital Edition
2026-04-18 00:45:22,761 | INFO | [FACEBOOK] Posting 'PS5 Digital Edition' ke FB Marketplace...
2026-04-18 00:45:25,724 | INFO | [FACEBOOK] Berhasil post 'PS5 Digital Edition' ke FB Marketplace
2026-04-18 00:45:25,724 | INFO | [INSTAGRAM] Posting 'PS5 Digital Edition' ke Instagram...
2026-04-18 00:45:28,718 | INFO | [INSTAGRAM] Berhasil post 'PS5 Digital Edition' ke Instagram
2026-04-18 00:45:28,719 | INFO | [WHATSAPP] Mengirim 'PS5 Digital Edition' via WhatsApp...
2026-04-18 00:45:31,203 | INFO | [WHATSAPP] Berhasil kirim 'PS5 Digital Edition' via WhatsApp
2026-04-18 00:45:31,204 | INFO | [SYSTEM] Delay 8 detik sebelum produk berikutnya...
2026-04-18 00:45:39,204 | INFO | [SYSTEM] [2/8] Memproses: Nintendo Switch OLED
2026-04-18 00:45:39,205 | INFO | [FACEBOOK] Posting 'Nintendo Switch OLED' ke FB Marketplace...
2026-04-18 00:45:42,221 | INFO | [FACEBOOK] Gagal post 'Nintendo Switch OLED' ke FB Marketplace
2026-04-18 00:45:42,221 | INFO | [FACEBOOK] Retry FB Marketplace (2/3)
2026-04-18 00:45:45,222 | INFO | [FACEBOOK] Posting 'Nintendo Switch OLED' ke FB Marketplace...
2026-04-18 00:45:49,279 | INFO | [FACEBOOK] Berhasil post 'Nintendo Switch OLED' ke FB Marketplace
2026-04-18 00:45:49,279 | INFO | [INSTAGRAM] Posting 'Nintendo Switch OLED' ke Instagram...
2026-04-18 00:45:52,148 | INFO | [INSTAGRAM] Gagal post 'Nintendo Switch OLED' ke Instagram
2026-04-18 00:45:52,148 | INFO | [INSTAGRAM] Retry Instagram (2/3)
2026-04-18 00:45:55,149 | INFO | [INSTAGRAM] Posting 'Nintendo Switch OLED' ke Instagram...
2026-04-18 00:45:58,926 | INFO | [INSTAGRAM] Berhasil post 'Nintendo Switch OLED' ke Instagram
2026-04-18 00:45:58,927 | INFO | [WHATSAPP] Mengirim 'Nintendo Switch OLED' via WhatsApp...
2026-04-18 00:46:00,175 | INFO | [WHATSAPP] Berhasil kirim 'Nintendo Switch OLED' via WhatsApp
2026-04-18 00:46:00,175 | INFO | [SYSTEM] Delay 9 detik sebelum produk berikutnya...
2026-04-18 00:46:09,177 | INFO | [SYSTEM] [3/8] Memproses: Xbox Series X
2026-04-18 00:46:09,177 | INFO | [FACEBOOK] Posting 'Xbox Series X' ke FB Marketplace...
2026-04-18 00:46:12,870 | INFO | [FACEBOOK] Berhasil post 'Xbox Series X' ke FB Marketplace
2026-04-18 00:46:12,870 | INFO | [INSTAGRAM] Posting 'Xbox Series X' ke Instagram...
2026-04-18 00:46:15,341 | INFO | [INSTAGRAM] Berhasil post 'Xbox Series X' ke Instagram
2026-04-18 00:46:15,342 | INFO | [WHATSAPP] Mengirim 'Xbox Series X' via WhatsApp...
2026-04-18 00:46:18,172 | INFO | [WHATSAPP] Berhasil kirim 'Xbox Series X' via WhatsApp
2026-04-18 00:46:18,173 | INFO | [SYSTEM] Delay 9 detik sebelum produk berikutnya...
2026-04-18 00:46:27,173 | INFO | [SYSTEM] [4/8] Memproses: AirPods Pro 2nd Gen
2026-04-18 00:46:27,174 | INFO | [FACEBOOK] Posting 'AirPods Pro 2nd Gen' ke FB Marketplace...
2026-04-18 00:46:31,051 | INFO | [SYSTEM] Bot dihentikan oleh user.
